
*** Running xst
    with args -ifn "mojo_top_0.xst" -ofn "mojo_top_0.srp" -intstyle ise

Reading design: mojo_top_0.prj

=========================================================================
*                          HDL Parsing                                  *
=========================================================================
Analyzing Verilog file "D:/Uni/Year 2 Sophomore Term/50.002 Computational Structure/1D Project/1D 8-bit ALU/work/planAhead/1D 8-bit ALU/1D 8-bit ALU.srcs/sources_1/imports/verilog/multiplexer_11.v" into library work
Parsing module <multiplexer4_11>.
Analyzing Verilog file "D:/Uni/Year 2 Sophomore Term/50.002 Computational Structure/1D Project/1D 8-bit ALU/work/planAhead/1D 8-bit ALU/1D 8-bit ALU.srcs/sources_1/imports/verilog/boole1_3.v" into library work
Parsing module <boole1_3>.
Analyzing Verilog file "D:/Uni/Year 2 Sophomore Term/50.002 Computational Structure/1D Project/1D 8-bit ALU/work/planAhead/1D 8-bit ALU/1D 8-bit ALU.srcs/sources_1/imports/verilog/reset_conditioner_1.v" into library work
Parsing module <reset_conditioner_1>.
Analyzing Verilog file "D:/Uni/Year 2 Sophomore Term/50.002 Computational Structure/1D Project/1D 8-bit ALU/work/planAhead/1D 8-bit ALU/1D 8-bit ALU.srcs/sources_1/imports/verilog/boole8_2.v" into library work
Parsing module <boole8_2>.
Analyzing Verilog file "D:/Uni/Year 2 Sophomore Term/50.002 Computational Structure/1D Project/1D 8-bit ALU/work/planAhead/1D 8-bit ALU/1D 8-bit ALU.srcs/sources_1/imports/verilog/mojo_top_0.v" into library work
Parsing module <mojo_top_0>.

=========================================================================
*                            HDL Elaboration                            *
=========================================================================

Elaborating module <mojo_top_0>.

Elaborating module <reset_conditioner_1>.

Elaborating module <boole8_2>.

Elaborating module <boole1_3>.

Elaborating module <multiplexer4_11>.
WARNING:HDLCompiler:1127 - "D:/Uni/Year 2 Sophomore Term/50.002 Computational Structure/1D Project/1D 8-bit ALU/work/planAhead/1D 8-bit ALU/1D 8-bit ALU.srcs/sources_1/imports/verilog/mojo_top_0.v" Line 50: Assignment to rst ignored, since the identifier is never used
WARNING:Xst:2972 - "D:/Uni/Year 2 Sophomore Term/50.002 Computational Structure/1D Project/1D 8-bit ALU/work/planAhead/1D 8-bit ALU/1D 8-bit ALU.srcs/sources_1/imports/verilog/mojo_top_0.v" line 33. All outputs of instance <reset_cond> of block <reset_conditioner_1> are unconnected in block <mojo_top_0>. Underlying logic will be removed.

=========================================================================
*                           HDL Synthesis                               *
=========================================================================

Synthesizing Unit <mojo_top_0>.
    Related source file is "D:/Uni/Year 2 Sophomore Term/50.002 Computational Structure/1D Project/1D 8-bit ALU/work/planAhead/1D 8-bit ALU/1D 8-bit ALU.srcs/sources_1/imports/verilog/mojo_top_0.v".
WARNING:Xst:647 - Input <io_button> is never used. This port will be preserved and left unconnected if it belongs to a top-level block or it belongs to a sub-block and the hierarchy of this sub-block is preserved.
WARNING:Xst:647 - Input <io_dip<7:4>> is never used. This port will be preserved and left unconnected if it belongs to a top-level block or it belongs to a sub-block and the hierarchy of this sub-block is preserved.
WARNING:Xst:647 - Input <cclk> is never used. This port will be preserved and left unconnected if it belongs to a top-level block or it belongs to a sub-block and the hierarchy of this sub-block is preserved.
WARNING:Xst:647 - Input <spi_ss> is never used. This port will be preserved and left unconnected if it belongs to a top-level block or it belongs to a sub-block and the hierarchy of this sub-block is preserved.
WARNING:Xst:647 - Input <spi_mosi> is never used. This port will be preserved and left unconnected if it belongs to a top-level block or it belongs to a sub-block and the hierarchy of this sub-block is preserved.
WARNING:Xst:647 - Input <spi_sck> is never used. This port will be preserved and left unconnected if it belongs to a top-level block or it belongs to a sub-block and the hierarchy of this sub-block is preserved.
WARNING:Xst:647 - Input <avr_tx> is never used. This port will be preserved and left unconnected if it belongs to a top-level block or it belongs to a sub-block and the hierarchy of this sub-block is preserved.
WARNING:Xst:647 - Input <avr_rx_busy> is never used. This port will be preserved and left unconnected if it belongs to a top-level block or it belongs to a sub-block and the hierarchy of this sub-block is preserved.
INFO:Xst:3210 - "D:/Uni/Year 2 Sophomore Term/50.002 Computational Structure/1D Project/1D 8-bit ALU/work/planAhead/1D 8-bit ALU/1D 8-bit ALU.srcs/sources_1/imports/verilog/mojo_top_0.v" line 33: Output port <out> of the instance <reset_cond> is unconnected or connected to loadless signal.
    Found 1-bit tristate buffer for signal <spi_miso> created at line 50
    Found 1-bit tristate buffer for signal <spi_channel<3>> created at line 50
    Found 1-bit tristate buffer for signal <spi_channel<2>> created at line 50
    Found 1-bit tristate buffer for signal <spi_channel<1>> created at line 50
    Found 1-bit tristate buffer for signal <spi_channel<0>> created at line 50
    Found 1-bit tristate buffer for signal <avr_rx> created at line 50
    Summary:
	inferred   6 Tristate(s).
Unit <mojo_top_0> synthesized.

Synthesizing Unit <boole8_2>.
    Related source file is "D:/Uni/Year 2 Sophomore Term/50.002 Computational Structure/1D Project/1D 8-bit ALU/work/planAhead/1D 8-bit ALU/1D 8-bit ALU.srcs/sources_1/imports/verilog/boole8_2.v".
    Summary:
	no macro.
Unit <boole8_2> synthesized.

Synthesizing Unit <boole1_3>.
    Related source file is "D:/Uni/Year 2 Sophomore Term/50.002 Computational Structure/1D Project/1D 8-bit ALU/work/planAhead/1D 8-bit ALU/1D 8-bit ALU.srcs/sources_1/imports/verilog/boole1_3.v".
    Summary:
	no macro.
Unit <boole1_3> synthesized.

Synthesizing Unit <multiplexer4_11>.
    Related source file is "D:/Uni/Year 2 Sophomore Term/50.002 Computational Structure/1D Project/1D 8-bit ALU/work/planAhead/1D 8-bit ALU/1D 8-bit ALU.srcs/sources_1/imports/verilog/multiplexer_11.v".
    Found 7-bit shifter logical right for signal <n0003> created at line 16
    Summary:
	inferred   1 Combinational logic shifter(s).
Unit <multiplexer4_11> synthesized.

=========================================================================
HDL Synthesis Report

Macro Statistics
# Logic shifters                                       : 8
 7-bit shifter logical right                           : 8
# Tristates                                            : 6
 1-bit tristate buffer                                 : 6

=========================================================================

=========================================================================
*                       Advanced HDL Synthesis                          *
=========================================================================


=========================================================================
Advanced HDL Synthesis Report

Macro Statistics
# Logic shifters                                       : 8
 7-bit shifter logical right                           : 8

=========================================================================

=========================================================================
*                         Low Level Synthesis                           *
=========================================================================

Optimizing unit <mojo_top_0> ...

Mapping all equations...
Building and optimizing final netlist ...
Found area constraint ratio of 100 (+ 0) on block mojo_top_0, actual ratio is 0.

Final Macro Processing ...

=========================================================================
Final Register Report

Found no macro
=========================================================================

=========================================================================
*                           Partition Report                            *
=========================================================================

Partition Implementation Status
-------------------------------

  No Partitions were found in this design.

-------------------------------

=========================================================================
*                            Design Summary                             *
=========================================================================

Clock Information:
------------------
No clock signals found in this design

Asynchronous Control Signals Information:
----------------------------------------
No asynchronous control signals found in this design

Timing Summary:
---------------
Speed Grade: -2

   Minimum period: No path found
   Minimum input arrival time before clock: No path found
   Maximum output required time after clock: No path found
   Maximum combinational path delay: 6.549ns

=========================================================================
